<?xml version="1.0" encoding="utf-8"?><testsuites name="pytest tests"><testsuite name="pytest" errors="0" failures="0" skipped="0" tests="15" time="3.457" timestamp="2026-05-07T22:50:29.072012+00:00" hostname="agent-env-8f3b7597-c58b-498c-b8b8-a7ba83dd374a"><testcase classname="backend.tests.test_financial.TestExpensesCRUD" name="test_create_expense_owner" time="0.533" /><testcase classname="backend.tests.test_financial.TestExpensesCRUD" name="test_list_expenses_filters_by_month" time="0.108" /><testcase classname="backend.tests.test_financial.TestExpensesCRUD" name="test_list_expenses_other_month_excludes" time="0.113" /><testcase classname="backend.tests.test_financial.TestExpensesCRUD" name="test_update_expense" time="0.111" /><testcase classname="backend.tests.test_financial.TestExpensesCRUD" name="test_delete_expense" time="0.225" /><testcase classname="backend.tests.test_financial.TestExpensesRBAC" name="test_list_expenses_salesperson_403" time="0.467" /><testcase classname="backend.tests.test_financial.TestExpensesRBAC" name="test_create_expense_salesperson_403" time="0.138" /><testcase classname="backend.tests.test_financial.TestExpensesRBAC" name="test_update_expense_salesperson_403" time="0.121" /><testcase classname="backend.tests.test_financial.TestExpensesRBAC" name="test_delete_expense_salesperson_403" time="0.123" /><testcase classname="backend.tests.test_financial.TestExpensesRBAC" name="test_financial_closing_salesperson_403" time="0.099" /><testcase classname="backend.tests.test_financial.TestExpensesRBAC" name="test_financial_monthly_salesperson_403" time="0.109" /><testcase classname="backend.tests.test_financial.TestFinancialEndpointsStructure" name="test_closing_default_month" time="0.101" /><testcase classname="backend.tests.test_financial.TestFinancialEndpointsStructure" name="test_closing_filter_year_month" time="0.110" /><testcase classname="backend.tests.test_financial.TestFinancialEndpointsStructure" name="test_monthly_returns_n_buckets" time="0.150" /><testcase classname="backend.tests.test_financial.TestEndToEndClosingCalculation" name="test_closing_math" time="0.853" /></testsuite></testsuites>