<?xml version="1.0" encoding="utf-8"?><testsuites name="pytest tests"><testsuite name="pytest" errors="0" failures="0" skipped="0" tests="12" time="5.727" timestamp="2026-05-08T13:44:06.690838+00:00" hostname="agent-env-8f3b7597-c58b-498c-b8b8-a7ba83dd374a"><testcase classname="backend.tests.test_leaderboard_promotion.TestLeaderboardShape" name="test_owner_basic_shape" time="0.606" /><testcase classname="backend.tests.test_leaderboard_promotion.TestLeaderboardShape" name="test_salesperson_no_revenue" time="0.641" /><testcase classname="backend.tests.test_leaderboard_promotion.TestLeaderboardShape" name="test_year_month_filter" time="0.130" /><testcase classname="backend.tests.test_leaderboard_promotion.TestLeaderboardShape" name="test_zero_sales_salespeople_included" time="0.386" /><testcase classname="backend.tests.test_leaderboard_promotion.TestLeaderboardTies" name="test_ties_share_rank_and_next_jumps" time="1.011" /><testcase classname="backend.tests.test_leaderboard_promotion.TestLeaderboardTies" name="test_total_sold_consistent" time="0.262" /><testcase classname="backend.tests.test_leaderboard_promotion.TestPromotion" name="test_get_owner" time="0.182" /><testcase classname="backend.tests.test_leaderboard_promotion.TestPromotion" name="test_get_salesperson_no_403" time="0.124" /><testcase classname="backend.tests.test_leaderboard_promotion.TestPromotion" name="test_put_salesperson_forbidden" time="0.118" /><testcase classname="backend.tests.test_leaderboard_promotion.TestPromotion" name="test_put_owner_persists_and_e2e" time="0.374" /><testcase classname="backend.tests.test_leaderboard_promotion.TestPromotion" name="test_clear_promotion_returns_empty_strings" time="0.125" /><testcase classname="backend.tests.test_leaderboard_promotion.TestVehicleSalespersonAutoName" name="test_only_salesperson_id_populates_name" time="1.543" /></testsuite></testsuites>