<?xml version="1.0" encoding="utf-8"?><testsuites name="pytest tests"><testsuite name="pytest" errors="0" failures="0" skipped="0" tests="5" time="3.143" timestamp="2026-05-08T13:02:50.083882+00:00" hostname="agent-env-8f3b7597-c58b-498c-b8b8-a7ba83dd374a"><testcase classname="backend.tests.test_lost_sales.TestLostSalesAccess" name="test_owner_can_list" time="0.610" /><testcase classname="backend.tests.test_lost_sales.TestLostSalesAccess" name="test_salesperson_forbidden" time="0.515" /><testcase classname="backend.tests.test_lost_sales.TestRevertSale" name="test_revert_unsold_returns_400" time="0.341" /><testcase classname="backend.tests.test_lost_sales.TestRevertSale" name="test_revert_unknown_vehicle_404" time="0.112" /><testcase classname="backend.tests.test_lost_sales.TestRevertSale" name="test_full_e2e_revert_and_lost_sale" time="1.341" /></testsuite></testsuites>