<?xml version="1.0" encoding="utf-8"?><testsuites name="pytest tests"><testsuite name="pytest" errors="0" failures="0" skipped="0" tests="15" time="4.639" timestamp="2026-05-08T16:56:40.866474+00:00" hostname="agent-env-8f3b7597-c58b-498c-b8b8-a7ba83dd374a"><testcase classname="backend.tests.test_photos.TestAuthIncludesPhoto" name="test_login_includes_photo_url_field" time="0.809" /><testcase classname="backend.tests.test_photos.TestAuthIncludesPhoto" name="test_me_includes_photo_url_field" time="0.139" /><testcase classname="backend.tests.test_photos.TestUpdateMyPhoto" name="test_owner_can_update_own_photo" time="0.198" /><testcase classname="backend.tests.test_photos.TestUpdateMyPhoto" name="test_bdc_can_update_own_photo" time="0.715" /><testcase classname="backend.tests.test_photos.TestUpdateMyPhoto" name="test_salesperson_update_self_mirrors_to_salespeople" time="0.821" /><testcase classname="backend.tests.test_photos.TestSetTeamPhoto" name="test_owner_sets_photo_for_salesperson" time="0.338" /><testcase classname="backend.tests.test_photos.TestSetTeamPhoto" name="test_owner_sets_photo_for_bdc" time="0.270" /><testcase classname="backend.tests.test_photos.TestSetTeamPhoto" name="test_salesperson_cannot_set_team_photo" time="0.132" /><testcase classname="backend.tests.test_photos.TestSetTeamPhoto" name="test_bdc_cannot_set_team_photo" time="0.132" /><testcase classname="backend.tests.test_photos.TestSetTeamPhoto" name="test_owner_cannot_set_photo_on_owner_user" time="0.063" /><testcase classname="backend.tests.test_photos.TestSetTeamPhoto" name="test_owner_set_photo_on_unknown_uid_404" time="0.067" /><testcase classname="backend.tests.test_photos.TestListEndpointsIncludePhoto" name="test_team_list_has_photo_url" time="0.069" /><testcase classname="backend.tests.test_photos.TestListEndpointsIncludePhoto" name="test_salespeople_list_has_photo_url" time="0.075" /><testcase classname="backend.tests.test_photos.TestListEndpointsIncludePhoto" name="test_leaderboard_rows_include_photo_url" time="0.090" /><testcase classname="backend.tests.test_photos.TestE2EOwnerUploadsForJoao" name="test_owner_uploads_for_joao_propagates_to_salespeople_and_leaderboard" time="0.655" /></testsuite></testsuites>