<?xml version="1.0" encoding="utf-8"?><testsuites name="pytest tests"><testsuite name="pytest" errors="0" failures="0" skipped="0" tests="95" time="113.787" timestamp="2026-05-08T16:56:53.466840+00:00" hostname="agent-env-8f3b7597-c58b-498c-b8b8-a7ba83dd374a"><testcase classname="backend.tests.backend_test.TestAuth" name="test_owner_login" time="0.457" /><testcase classname="backend.tests.backend_test.TestAuth" name="test_owner_me_role" time="0.167" /><testcase classname="backend.tests.backend_test.TestAuth" name="test_salesperson_login_returns_role" time="0.482" /><testcase classname="backend.tests.backend_test.TestAuth" name="test_salesperson_me" time="0.592" /><testcase classname="backend.tests.backend_test.TestSalespersonCredentials" name="test_create_credentials" time="0.587" /><testcase classname="backend.tests.backend_test.TestSalespersonCredentials" name="test_credentials_login_works" time="0.387" /><testcase classname="backend.tests.backend_test.TestSalespersonCredentials" name="test_credentials_map" time="0.154" /><testcase classname="backend.tests.backend_test.TestSalespersonCredentials" name="test_revoke_credentials" time="0.624" /><testcase classname="backend.tests.backend_test.TestVehiclesRoleStripping" name="test_owner_sees_full_fields" time="0.161" /><testcase classname="backend.tests.backend_test.TestVehiclesRoleStripping" name="test_salesperson_stripped" time="0.151" /><testcase classname="backend.tests.backend_test.TestVehiclesRoleStripping" name="test_salesperson_get_one_stripped" time="0.313" /><testcase classname="backend.tests.backend_test.TestStats" name="test_owner_stats_full" time="0.158" /><testcase classname="backend.tests.backend_test.TestStats" name="test_salesperson_stats_stripped" time="0.144" /><testcase classname="backend.tests.backend_test.TestSalesReport" name="test_owner_sales_report" time="0.156" /><testcase classname="backend.tests.backend_test.TestSalesReport" name="test_salesperson_sales_report_filtered" time="0.164" /><testcase classname="backend.tests.backend_test.TestForbiddenForSalesperson" name="test_create_vehicle_403" time="0.181" /><testcase classname="backend.tests.backend_test.TestForbiddenForSalesperson" name="test_delete_vehicle_403" time="0.360" /><testcase classname="backend.tests.backend_test.TestForbiddenForSalesperson" name="test_import_url_403" time="0.185" /><testcase classname="backend.tests.backend_test.TestForbiddenForSalesperson" name="test_regen_token_403" time="0.178" /><testcase classname="backend.tests.backend_test.TestForbiddenForSalesperson" name="test_create_salesperson_403" time="0.186" /><testcase classname="backend.tests.backend_test.TestSalespersonUpdateVehicle" name="test_auto_assign_on_sold" time="0.601" /><testcase classname="backend.tests.backend_test.TestSalespersonUpdateVehicle" name="test_update_buyer_only" time="0.907" /><testcase classname="backend.tests.test_financial.TestExpensesCRUD" name="test_create_expense_owner" time="0.568" /><testcase classname="backend.tests.test_financial.TestExpensesCRUD" name="test_list_expenses_filters_by_month" time="0.195" /><testcase classname="backend.tests.test_financial.TestExpensesCRUD" name="test_list_expenses_other_month_excludes" time="0.163" /><testcase classname="backend.tests.test_financial.TestExpensesCRUD" name="test_update_expense" time="0.215" /><testcase classname="backend.tests.test_financial.TestExpensesCRUD" name="test_delete_expense" time="0.370" /><testcase classname="backend.tests.test_financial.TestExpensesRBAC" name="test_list_expenses_salesperson_403" time="0.595" /><testcase classname="backend.tests.test_financial.TestExpensesRBAC" name="test_create_expense_salesperson_403" time="0.152" /><testcase classname="backend.tests.test_financial.TestExpensesRBAC" name="test_update_expense_salesperson_403" time="0.180" /><testcase classname="backend.tests.test_financial.TestExpensesRBAC" name="test_delete_expense_salesperson_403" time="0.139" /><testcase classname="backend.tests.test_financial.TestExpensesRBAC" name="test_financial_closing_salesperson_403" time="0.139" /><testcase classname="backend.tests.test_financial.TestExpensesRBAC" name="test_financial_monthly_salesperson_403" time="0.156" /><testcase classname="backend.tests.test_financial.TestFinancialEndpointsStructure" name="test_closing_default_month" time="0.162" /><testcase classname="backend.tests.test_financial.TestFinancialEndpointsStructure" name="test_closing_filter_year_month" time="0.146" /><testcase classname="backend.tests.test_financial.TestFinancialEndpointsStructure" name="test_monthly_returns_n_buckets" time="0.169" /><testcase classname="backend.tests.test_financial.TestEndToEndClosingCalculation" name="test_closing_math" time="1.144" /><testcase classname="backend.tests.test_leaderboard_promotion.TestLeaderboardShape" name="test_owner_basic_shape" time="0.594" /><testcase classname="backend.tests.test_leaderboard_promotion.TestLeaderboardShape" name="test_salesperson_no_revenue" time="0.546" /><testcase classname="backend.tests.test_leaderboard_promotion.TestLeaderboardShape" name="test_year_month_filter" time="0.198" /><testcase classname="backend.tests.test_leaderboard_promotion.TestLeaderboardShape" name="test_zero_sales_salespeople_included" time="0.421" /><testcase classname="backend.tests.test_leaderboard_promotion.TestLeaderboardTies" name="test_ties_share_rank_and_next_jumps" time="1.180" /><testcase classname="backend.tests.test_leaderboard_promotion.TestLeaderboardTies" name="test_total_sold_consistent" time="0.156" /><testcase classname="backend.tests.test_leaderboard_promotion.TestPromotion" name="test_get_owner" time="0.160" /><testcase classname="backend.tests.test_leaderboard_promotion.TestPromotion" name="test_get_salesperson_no_403" time="0.161" /><testcase classname="backend.tests.test_leaderboard_promotion.TestPromotion" name="test_put_salesperson_forbidden" time="0.196" /><testcase classname="backend.tests.test_leaderboard_promotion.TestPromotion" name="test_put_owner_persists_and_e2e" time="0.463" /><testcase classname="backend.tests.test_leaderboard_promotion.TestPromotion" name="test_clear_promotion_returns_empty_strings" time="0.146" /><testcase classname="backend.tests.test_leaderboard_promotion.TestVehicleSalespersonAutoName" name="test_only_salesperson_id_populates_name" time="0.911" /><testcase classname="backend.tests.test_lost_sales.TestLostSalesAccess" name="test_owner_can_list" time="0.552" /><testcase classname="backend.tests.test_lost_sales.TestLostSalesAccess" name="test_salesperson_forbidden" time="0.534" /><testcase classname="backend.tests.test_lost_sales.TestRevertSale" name="test_revert_unsold_returns_400" time="0.474" /><testcase classname="backend.tests.test_lost_sales.TestRevertSale" name="test_revert_unknown_vehicle_404" time="0.189" /><testcase classname="backend.tests.test_lost_sales.TestRevertSale" name="test_full_e2e_revert_and_lost_sale" time="1.712" /><testcase classname="backend.tests.test_photos.TestAuthIncludesPhoto" name="test_login_includes_photo_url_field" time="0.836" /><testcase classname="backend.tests.test_photos.TestAuthIncludesPhoto" name="test_me_includes_photo_url_field" time="0.152" /><testcase classname="backend.tests.test_photos.TestUpdateMyPhoto" name="test_owner_can_update_own_photo" time="0.215" /><testcase classname="backend.tests.test_photos.TestUpdateMyPhoto" name="test_bdc_can_update_own_photo" time="0.652" /><testcase classname="backend.tests.test_photos.TestUpdateMyPhoto" name="test_salesperson_update_self_mirrors_to_salespeople" time="0.868" /><testcase classname="backend.tests.test_photos.TestSetTeamPhoto" name="test_owner_sets_photo_for_salesperson" time="0.322" /><testcase classname="backend.tests.test_photos.TestSetTeamPhoto" name="test_owner_sets_photo_for_bdc" time="0.313" /><testcase classname="backend.tests.test_photos.TestSetTeamPhoto" name="test_salesperson_cannot_set_team_photo" time="0.131" /><testcase classname="backend.tests.test_photos.TestSetTeamPhoto" name="test_bdc_cannot_set_team_photo" time="0.138" /><testcase classname="backend.tests.test_photos.TestSetTeamPhoto" name="test_owner_cannot_set_photo_on_owner_user" time="0.063" /><testcase classname="backend.tests.test_photos.TestSetTeamPhoto" name="test_owner_set_photo_on_unknown_uid_404" time="0.062" /><testcase classname="backend.tests.test_photos.TestListEndpointsIncludePhoto" name="test_team_list_has_photo_url" time="0.075" /><testcase classname="backend.tests.test_photos.TestListEndpointsIncludePhoto" name="test_salespeople_list_has_photo_url" time="0.063" /><testcase classname="backend.tests.test_photos.TestListEndpointsIncludePhoto" name="test_leaderboard_rows_include_photo_url" time="0.070" /><testcase classname="backend.tests.test_photos.TestE2EOwnerUploadsForJoao" name="test_owner_uploads_for_joao_propagates_to_salespeople_and_leaderboard" time="0.682" /><testcase classname="backend.tests.test_team_management.TestAuthIncludesPermissions" name="test_login_owner_includes_permissions" time="0.434" /><testcase classname="backend.tests.test_team_management.TestAuthIncludesPermissions" name="test_login_salesperson_includes_permissions" time="0.431" /><testcase classname="backend.tests.test_team_management.TestAuthIncludesPermissions" name="test_login_bdc_includes_permissions" time="0.453" /><testcase classname="backend.tests.test_team_management.TestAuthIncludesPermissions" name="test_me_returns_permissions" time="0.147" /><testcase classname="backend.tests.test_team_management.TestListTeam" name="test_owner_can_list_team" time="0.157" /><testcase classname="backend.tests.test_team_management.TestListTeam" name="test_salesperson_cannot_list_team" time="15.169" /><testcase classname="backend.tests.test_team_management.TestListTeam" name="test_bdc_cannot_list_team" time="0.217" /><testcase classname="backend.tests.test_team_management.TestCreateTeamMember" name="test_create_salesperson_without_id_returns_400" time="4.284" /><testcase classname="backend.tests.test_team_management.TestCreateTeamMember" name="test_create_salesperson_with_link_and_custom_perms" time="21.938" /><testcase classname="backend.tests.test_team_management.TestCreateTeamMember" name="test_create_salesperson_duplicate_login_returns_400" time="0.651" /><testcase classname="backend.tests.test_team_management.TestCreateTeamMember" name="test_create_bdc_no_salesperson_id_required" time="0.364" /><testcase classname="backend.tests.test_team_management.TestCreateTeamMember" name="test_create_duplicate_email_returns_400" time="11.776" /><testcase classname="backend.tests.test_team_management.TestCreateTeamMember" name="test_non_owner_cannot_create" time="0.237" /><testcase classname="backend.tests.test_team_management.TestUpdateTeamMember" name="test_update_full_name_email_permissions" time="0.490" /><testcase classname="backend.tests.test_team_management.TestUpdateTeamMember" name="test_update_password_optional" time="17.337" /><testcase classname="backend.tests.test_team_management.TestUpdateTeamMember" name="test_update_filters_invalid_permission_keys" time="0.657" /><testcase classname="backend.tests.test_team_management.TestUpdateTeamMember" name="test_non_owner_cannot_update" time="0.622" /><testcase classname="backend.tests.test_team_management.TestDeleteTeamMember" name="test_owner_can_delete" time="0.695" /><testcase classname="backend.tests.test_team_management.TestDeleteTeamMember" name="test_non_owner_cannot_delete" time="0.653" /><testcase classname="backend.tests.test_team_management.TestPermissionEnforcement" name="test_salesperson_overview_only_blocks_inventory_leads_delivery" time="1.649" /><testcase classname="backend.tests.test_team_management.TestPermissionEnforcement" name="test_bdc_default_perms_allow_leads_block_vehicles" time="1.362" /><testcase classname="backend.tests.test_team_management.TestPermissionEnforcement" name="test_salespeople_endpoint_accessible_with_either_salespeople_or_leads_perm" time="3.664" /><testcase classname="backend.tests.test_team_management.TestPermissionEnforcement" name="test_owner_with_empty_permissions_still_full_access" time="0.845" /><testcase classname="backend.tests.test_team_management.TestDefaultPermissions" name="test_role_defaults_in_team_response" time="0.150" /><testcase classname="backend.tests.test_team_management.TestDefaultPermissions" name="test_seeded_salesperson_default_perms" time="0.001" /><testcase classname="backend.tests.test_team_management.TestDefaultPermissions" name="test_seeded_bdc_default_perms" time="4.196" /></testsuite></testsuites>