<?xml version="1.0" encoding="utf-8"?><testsuites name="pytest tests"><testsuite name="pytest" errors="0" failures="0" skipped="0" tests="22" time="5.326" timestamp="2026-05-07T22:36:01.580126+00:00" hostname="agent-env-8f3b7597-c58b-498c-b8b8-a7ba83dd374a"><testcase classname="backend.tests.backend_test.TestAuth" name="test_owner_login" time="0.379" /><testcase classname="backend.tests.backend_test.TestAuth" name="test_owner_me_role" time="0.099" /><testcase classname="backend.tests.backend_test.TestAuth" name="test_salesperson_login_returns_role" time="0.328" /><testcase classname="backend.tests.backend_test.TestAuth" name="test_salesperson_me" time="0.472" /><testcase classname="backend.tests.backend_test.TestSalespersonCredentials" name="test_create_credentials" time="0.478" /><testcase classname="backend.tests.backend_test.TestSalespersonCredentials" name="test_credentials_login_works" time="0.341" /><testcase classname="backend.tests.backend_test.TestSalespersonCredentials" name="test_credentials_map" time="0.106" /><testcase classname="backend.tests.backend_test.TestSalespersonCredentials" name="test_revoke_credentials" time="0.426" /><testcase classname="backend.tests.backend_test.TestVehiclesRoleStripping" name="test_owner_sees_full_fields" time="0.108" /><testcase classname="backend.tests.backend_test.TestVehiclesRoleStripping" name="test_salesperson_stripped" time="0.163" /><testcase classname="backend.tests.backend_test.TestVehiclesRoleStripping" name="test_salesperson_get_one_stripped" time="0.227" /><testcase classname="backend.tests.backend_test.TestStats" name="test_owner_stats_full" time="0.108" /><testcase classname="backend.tests.backend_test.TestStats" name="test_salesperson_stats_stripped" time="0.102" /><testcase classname="backend.tests.backend_test.TestSalesReport" name="test_owner_sales_report" time="0.098" /><testcase classname="backend.tests.backend_test.TestSalesReport" name="test_salesperson_sales_report_filtered" time="0.148" /><testcase classname="backend.tests.backend_test.TestForbiddenForSalesperson" name="test_create_vehicle_403" time="0.124" /><testcase classname="backend.tests.backend_test.TestForbiddenForSalesperson" name="test_delete_vehicle_403" time="0.230" /><testcase classname="backend.tests.backend_test.TestForbiddenForSalesperson" name="test_import_url_403" time="0.101" /><testcase classname="backend.tests.backend_test.TestForbiddenForSalesperson" name="test_regen_token_403" time="0.096" /><testcase classname="backend.tests.backend_test.TestForbiddenForSalesperson" name="test_create_salesperson_403" time="0.102" /><testcase classname="backend.tests.backend_test.TestSalespersonUpdateVehicle" name="test_auto_assign_on_sold" time="0.467" /><testcase classname="backend.tests.backend_test.TestSalespersonUpdateVehicle" name="test_update_buyer_only" time="0.552" /></testsuite></testsuites>