<?xml version="1.0" encoding="utf-8"?><testsuites name="pytest tests"><testsuite name="pytest" errors="0" failures="0" skipped="0" tests="26" time="17.723" timestamp="2026-05-08T16:17:23.922572+00:00" hostname="agent-env-8f3b7597-c58b-498c-b8b8-a7ba83dd374a"><testcase classname="backend.tests.test_team_management.TestAuthIncludesPermissions" name="test_login_owner_includes_permissions" time="0.392" /><testcase classname="backend.tests.test_team_management.TestAuthIncludesPermissions" name="test_login_salesperson_includes_permissions" time="0.355" /><testcase classname="backend.tests.test_team_management.TestAuthIncludesPermissions" name="test_login_bdc_includes_permissions" time="0.355" /><testcase classname="backend.tests.test_team_management.TestAuthIncludesPermissions" name="test_me_returns_permissions" time="0.165" /><testcase classname="backend.tests.test_team_management.TestListTeam" name="test_owner_can_list_team" time="0.151" /><testcase classname="backend.tests.test_team_management.TestListTeam" name="test_salesperson_cannot_list_team" time="0.136" /><testcase classname="backend.tests.test_team_management.TestListTeam" name="test_bdc_cannot_list_team" time="0.131" /><testcase classname="backend.tests.test_team_management.TestCreateTeamMember" name="test_create_salesperson_without_id_returns_400" time="0.134" /><testcase classname="backend.tests.test_team_management.TestCreateTeamMember" name="test_create_salesperson_with_link_and_custom_perms" time="0.661" /><testcase classname="backend.tests.test_team_management.TestCreateTeamMember" name="test_create_salesperson_duplicate_login_returns_400" time="0.664" /><testcase classname="backend.tests.test_team_management.TestCreateTeamMember" name="test_create_bdc_no_salesperson_id_required" time="0.353" /><testcase classname="backend.tests.test_team_management.TestCreateTeamMember" name="test_create_duplicate_email_returns_400" time="0.516" /><testcase classname="backend.tests.test_team_management.TestCreateTeamMember" name="test_non_owner_cannot_create" time="0.151" /><testcase classname="backend.tests.test_team_management.TestUpdateTeamMember" name="test_update_full_name_email_permissions" time="0.543" /><testcase classname="backend.tests.test_team_management.TestUpdateTeamMember" name="test_update_password_optional" time="2.127" /><testcase classname="backend.tests.test_team_management.TestUpdateTeamMember" name="test_update_filters_invalid_permission_keys" time="0.498" /><testcase classname="backend.tests.test_team_management.TestUpdateTeamMember" name="test_non_owner_cannot_update" time="0.498" /><testcase classname="backend.tests.test_team_management.TestDeleteTeamMember" name="test_owner_can_delete" time="0.664" /><testcase classname="backend.tests.test_team_management.TestDeleteTeamMember" name="test_non_owner_cannot_delete" time="0.506" /><testcase classname="backend.tests.test_team_management.TestPermissionEnforcement" name="test_salesperson_overview_only_blocks_inventory_leads_delivery" time="1.262" /><testcase classname="backend.tests.test_team_management.TestPermissionEnforcement" name="test_bdc_default_perms_allow_leads_block_vehicles" time="1.183" /><testcase classname="backend.tests.test_team_management.TestPermissionEnforcement" name="test_salespeople_endpoint_accessible_with_either_salespeople_or_leads_perm" time="2.669" /><testcase classname="backend.tests.test_team_management.TestPermissionEnforcement" name="test_owner_with_empty_permissions_still_full_access" time="0.722" /><testcase classname="backend.tests.test_team_management.TestDefaultPermissions" name="test_role_defaults_in_team_response" time="0.136" /><testcase classname="backend.tests.test_team_management.TestDefaultPermissions" name="test_seeded_salesperson_default_perms" time="0.000" /><testcase classname="backend.tests.test_team_management.TestDefaultPermissions" name="test_seeded_bdc_default_perms" time="2.634" /></testsuite></testsuites>